In file included from [01m[K/home/hyoin/service/src/md/src/md_robot_node/main.cpp:2[m[K:
[01m[K/home/hyoin/service/src/md/include/md_robot_node/main.hpp:14:17:[m[K [01;31m[Kerror: [m[Kâ€˜[01m[KPose[m[Kâ€™ in namespace â€˜[01m[Kmd::msg[m[Kâ€™ does not name a type
   14 | extern md::msg::[01;31m[KPose[m[K md_robot_status_msg;  // ë¡œë´‡ ìƒíƒœ ë©”ì‹œì§€ ê°ì²´
      |                 [01;31m[K^~~~[m[K
[01m[K/home/hyoin/service/src/md/include/md_robot_node/main.hpp:83:32:[m[K [01;31m[Kerror: [m[Kâ€˜[01m[KMdRobot_Status_msg[m[Kâ€™ is not a member of â€˜[01m[Kmd::msg[m[Kâ€™
   83 |     rclcpp::Publisher<md::msg::[01;31m[KMdRobot_Status_msg[m[K>::SharedPtr md_robot_status_msg_pub_;
      |                                [01;31m[K^~~~~~~~~~~~~~~~~~[m[K
[01m[K/home/hyoin/service/src/md/include/md_robot_node/main.hpp:83:50:[m[K [01;31m[Kerror: [m[Ktemplate argument 1 is invalid
   83 |     rclcpp::Publisher<md::msg::MdRobot_Status_msg[01;31m[K>[m[K::SharedPtr md_robot_status_msg_pub_;
      |                                                  [01;31m[K^[m[K
[01m[K/home/hyoin/service/src/md/include/md_robot_node/main.hpp:83:53:[m[K [01;31m[Kerror: [m[Kexpected â€˜[01m[K;[m[Kâ€™ at end of member declaration
   83 |     rclcpp::Publisher<md::msg::MdRobot_Status_msg>::[01;31m[KSharedPtr[m[K md_robot_status_msg_pub_;
      |                                                     [01;31m[K^~~~~~~~~[m[K
      |                                                              [32m[K;[m[K
[01m[K/home/hyoin/service/src/md/include/md_robot_node/main.hpp:83:63:[m[K [01;31m[Kerror: [m[Kâ€˜[01m[Kmd_robot_status_msg_pub_[m[Kâ€™ does not name a type
   83 |   rclcpp::Publisher<md::msg::MdRobot_Status_msg>::SharedPtr [01;31m[Kmd_robot_status_msg_pub_[m[K;
      |                                                             [01;31m[K^~~~~~~~~~~~~~~~~~~~~~~~[m[K

In file included from [01m[K/home/hyoin/service/src/md/src/md_robot_node/robot.cpp:1[m[K:
[01m[K/home/hyoin/service/src/md/include/md_robot_node/robot.hpp:13:17:[m[K [01;31m[Kerror: [m[Kâ€˜[01m[KPose[m[Kâ€™ in namespace â€˜[01m[Kmd::msg[m[Kâ€™ does not name a type
   13 | extern md::msg::[01;31m[KPose[m[K md_robot_status_msg;  // ë¡œë´‡ ìƒíƒœ ë©”ì‹œì§€ ê°ì²´
      |                 [01;31m[K^~~~[m[K
In file included from [01m[K/home/hyoin/service/src/md/src/md_robot_node/robot.cpp:2[m[K:
[01m[K/home/hyoin/service/src/md/include/md_robot_node/main.hpp:14:17:[m[K [01;31m[Kerror: [m[Kâ€˜[01m[KPose[m[Kâ€™ in namespace â€˜[01m[Kmd::msg[m[Kâ€™ does not name a type
   14 | extern md::msg::[01;31m[KPose[m[K md_robot_status_msg;  // ë¡œë´‡ ìƒíƒœ ë©”ì‹œì§€ ê°ì²´
      |                 [01;31m[K^~~~[m[K
In file included from [01m[K/home/hyoin/service/src/md/src/md_robot_node/com.cpp:3[m[K:
[01m[K/home/hyoin/service/src/md/include/md_robot_node/main.hpp:14:17:[m[K [01;31m[Kerror: [m[Kâ€˜[01m[KPose[m[Kâ€™ in namespace â€˜[01m[Kmd::msg[m[Kâ€™ does not name a type
   14 | extern md::msg::[01;31m[KPose[m[K md_robot_status_msg;  // ë¡œë´‡ ìƒíƒœ ë©”ì‹œì§€ ê°ì²´
      |                 [01;31m[K^~~~[m[K
[01m[K/home/hyoin/service/src/md/include/md_robot_node/main.hpp:83:32:[m[K [01;31m[Kerror: [m[Kâ€˜[01m[KMdRobot_Status_msg[m[Kâ€™ is not a member of â€˜[01m[Kmd::msg[m[Kâ€™
   83 |     rclcpp::Publisher<md::msg::[01;31m[KMdRobot_Status_msg[m[K>::SharedPtr md_robot_status_msg_pub_;
      |                                [01;31m[K^~~~~~~~~~~~~~~~~~[m[K
[01m[K/home/hyoin/service/src/md/include/md_robot_node/main.hpp:83:50:[m[K [01;31m[Kerror: [m[Ktemplate argument 1 is invalid
   83 |     rclcpp::Publisher<md::msg::MdRobot_Status_msg[01;31m[K>[m[K::SharedPtr md_robot_status_msg_pub_;
      |                                                  [01;31m[K^[m[K
[01m[K/home/hyoin/service/src/md/include/md_robot_node/main.hpp:83:53:[m[K [01;31m[Kerror: [m[Kexpected â€˜[01m[K;[m[Kâ€™ at end of member declaration
   83 |     rclcpp::Publisher<md::msg::MdRobot_Status_msg>::[01;31m[KSharedPtr[m[K md_robot_status_msg_pub_;
      |                                                     [01;31m[K^~~~~~~~~[m[K
      |                                                              [32m[K;[m[K
[01m[K/home/hyoin/service/src/md/include/md_robot_node/main.hpp:83:32:[m[K [01;31m[Kerror: [m[Kâ€˜[01m[KMdRobot_Status_msg[m[Kâ€™ is not a member of â€˜[01m[Kmd::msg[m[Kâ€™
   83 |     rclcpp::Publisher<md::msg::[01;31m[KMdRobot_Status_msg[m[K>::SharedPtr md_robot_status_msg_pub_;
      |                                [01;31m[K^~~~~~~~~~~~~~~~~~[m[K
[01m[K/home/hyoin/service/src/md/include/md_robot_node/main.hpp:83:50:[m[K [01;31m[Kerror: [m[Ktemplate argument 1 is invalid
   83 |     rclcpp::Publisher<md::msg::MdRobot_Status_msg[01;31m[K>[m[K::SharedPtr md_robot_status_msg_pub_;
      |                                                  [01;31m[K^[m[K
[01m[K/home/hyoin/service/src/md/include/md_robot_node/main.hpp:83:53:[m[K [01;31m[Kerror: [m[Kexpected â€˜[01m[K;[m[Kâ€™ at end of member declaration
   83 |     rclcpp::Publisher<md::msg::MdRobot_Status_msg>::[01;31m[KSharedPtr[m[K md_robot_status_msg_pub_;
      |                                                     [01;31m[K^~~~~~~~~[m[K
      |                                                              [32m[K;[m[K
[01m[K/home/hyoin/service/src/md/include/md_robot_node/main.hpp:83:63:[m[K [01;31m[Kerror: [m[Kâ€˜[01m[Kmd_robot_status_msg_pub_[m[Kâ€™ does not name a type
   83 |     rclcpp::Publisher<md::msg::MdRobot_Status_msg>::SharedPtr [01;31m[Kmd_robot_status_msg_pub_[m[K;
      |                                                               [01;31m[K^~~~~~~~~~~~~~~~~~~~~~~~[m[K
[01m[K/home/hyoin/service/src/md/include/md_robot_node/main.hpp:83:63:[m[K [01;31m[Kerror: [m[Kâ€˜[01m[Kmd_robot_status_msg_pub_[m[Kâ€™ does not name a type
   83 |     rclcpp::Publisher<md::msg::MdRobot_Status_msg>::SharedPtr [01;31m[Kmd_robot_status_msg_pub_[m[K;
      |                                                               [01;31m[K^~~~~~~~~~~~~~~~~~~~~~~~[m[K
In file included from [01m[K/home/hyoin/service/src/md/src/md_robot_node/main.cpp:4[m[K:
[01m[K/home/hyoin/service/src/md/include/md_robot_node/robot.hpp:13:17:[m[K [01;31m[Kerror: [m[Kâ€˜[01m[KPose[m[Kâ€™ in namespace â€˜[01m[Kmd::msg[m[Kâ€™ does not name a type
   13 | extern md::msg::[01;31m[KPose[m[K md_robot_status_msg;  // ë¡œë´‡ ìƒíƒœ ë©”ì‹œì§€ ê°ì²´
      |                 [01;31m[K^~~~[m[K
[01m[K/home/hyoin/service/src/md/src/md_robot_node/main.cpp:[m[K In constructor â€˜[01m[KMDRobotNode::MDRobotNode()[m[Kâ€™:
[01m[K/home/hyoin/service/src/md/src/md_robot_node/main.cpp:40:5:[m[K [01;31m[Kerror: [m[Kâ€˜[01m[Kmd_robot_status_msg_pub_[m[Kâ€™ was not declared in this scope; did you mean â€˜[01m[Kmd_robot_status_msg[m[Kâ€™?
   40 |     [01;31m[Kmd_robot_status_msg_pub_[m[K = this->create_publisher<md::msg::md_robot_status_msg_>("robot_status", 10);
      |     [01;31m[K^~~~~~~~~~~~~~~~~~~~~~~~[m[K
      |     [32m[Kmd_robot_status_msg[m[K
[01m[K/home/hyoin/service/src/md/src/md_robot_node/main.cpp:40:64:[m[K [01;31m[Kerror: [m[Kâ€˜[01m[Kmd_robot_status_msg_[m[Kâ€™ is not a member of â€˜[01m[Kmd::msg[m[Kâ€™
   40 |  md_robot_status_msg_pub_ = this->create_publisher<md::msg::[01;31m[Kmd_robot_status_msg_[m[K>("robot_status", 10);
      |                                                             [01;31m[K^~~~~~~~~~~~~~~~~~~~[m[K

[01m[K/home/hyoin/service/src/md/src/md_robot_node/main.cpp:40:85:[m[K [01;31m[Kerror: [m[Kno matching function for call to â€˜[01m[KMDRobotNode::create_publisher<<expression error> >(const char [13], int)[m[Kâ€™
   40 | pub_ = [01;31m[Kthis->create_publisher<md::msg::md_robot_status_msg_>("robot_status", 10)[m[K;
      |        [01;31m[K~~~~~~~~~~~~~~~~~~~~~~~~~~~~~~~~~~~~~~~~~~~~~~~~~~~~~^~~~~~~~~~~~~~~~~~~~[m[K

In file included from [01m[K/opt/ros/humble/include/rclcpp/rclcpp/node.hpp:1321[m[K,
                 from [01m[K/opt/ros/humble/include/rclcpp/rclcpp/executors/single_threaded_executor.hpp:28[m[K,
                 from [01m[K/opt/ros/humble/include/rclcpp/rclcpp/executors.hpp:22[m[K,
                 from [01m[K/opt/ros/humble/include/rclcpp/rclcpp/rclcpp.hpp:155[m[K,
                 from [01m[K/home/hyoin/service/src/md/src/md_robot_node/main.cpp:1[m[K:
[01m[K/opt/ros/humble/include/rclcpp/rclcpp/node_impl.hpp:73:1:[m[K [01;36m[Knote: [m[Kcandidate: â€˜[01m[Ktemplate<class MessageT, class AllocatorT, class PublisherT> std::shared_ptr<PublisherT> rclcpp::Node::create_publisher(const string&, const rclcpp::QoS&, const rclcpp::PublisherOptionsWithAllocator<AllocatorT>&)[m[Kâ€™
   73 | [01;36m[KNode[m[K::create_publisher(
      | [01;36m[K^~~~[m[K
[01m[K/opt/ros/humble/include/rclcpp/rclcpp/node_impl.hpp:73:1:[m[K [01;36m[Knote: [m[K  template argument deduction/substitution failed:
[01m[K/home/hyoin/service/src/md/src/md_robot_node/main.cpp:40:85:[m[K [01;31m[Kerror: [m[Ktemplate argument 1 is invalid
   40 | pub_ = [01;31m[Kthis->create_publisher<md::msg::md_robot_status_msg_>("robot_status", 10)[m[K;
      |        [01;31m[K~~~~~~~~~~~~~~~~~~~~~~~~~~~~~~~~~~~~~~~~~~~~~~~~~~~~~^~~~~~~~~~~~~~~~~~~~[m[K

[01m[K/home/hyoin/service/src/md/src/md_robot_node/main.cpp:[m[K In member function â€˜[01m[Kvoid MDRobotNode::PubRobotRPMMessage()[m[Kâ€™:
[01m[K/home/hyoin/service/src/md/src/md_robot_node/main.cpp:537:37:[m[K [01;31m[Kerror: [m[Kâ€˜[01m[Kmd_robot_msg_pid_pnt_main_data_[m[Kâ€™ was not declared in this scope; did you mean â€˜[01m[Kmd_robot_msg_pid_pnt_main_data[m[Kâ€™?
  537 |     md_robot_message1_pub_->publish([01;31m[Kmd_robot_msg_pid_pnt_main_data_[m[K);
      |                                     [01;31m[K^~~~~~~~~~~~~~~~~~~~~~~~~~~~~~~[m[K
      |                                     [32m[Kmd_robot_msg_pid_pnt_main_data[m[K
[01m[K/home/hyoin/service/src/md/src/md_robot_node/robot.cpp:26:10:[m[K [01;31m[Kerror: [m[Kâ€˜[01m[KPose[m[Kâ€™ in namespace â€˜[01m[Kmd::msg[m[Kâ€™ does not name a type
   26 | md::msg::[01;31m[KPose[m[K md_robot_status_msg;
      |          [01;31m[K^~~~[m[K
In file included from [01m[K/home/hyoin/service/src/md/src/md_robot_node/com.cpp:4[m[K:
[01m[K/home/hyoin/service/src/md/include/md_robot_node/robot.hpp:13:17:[m[K [01;31m[Kerror: [m[Kâ€˜[01m[KPose[m[Kâ€™ in namespace â€˜[01m[Kmd::msg[m[Kâ€™ does not name a type
   13 | extern md::msg::[01;31m[KPose[m[K md_robot_status_msg;  // ë¡œë´‡ ìƒíƒœ ë©”ì‹œì§€ ê°ì²´
      |                 [01;31m[K^~~~[m[K
[01m[K/home/hyoin/service/src/md/src/md_robot_node/main.cpp:[m[K In member function â€˜[01m[Kvoid MDRobotNode::PubRobotOdomMessage()[m[Kâ€™:
[01m[K/home/hyoin/service/src/md/src/md_robot_node/main.cpp:541:37:[m[K [01;31m[Kerror: [m[Kâ€˜[01m[Kmd_robot_msg_pid_robot_monitor_[m[Kâ€™ was not declared in this scope; did you mean â€˜[01m[Kmd_robot_msg_pid_robot_monitor[m[Kâ€™?
  541 |     md_robot_message2_pub_->publish([01;31m[Kmd_robot_msg_pid_robot_monitor_[m[K);
      |                                     [01;31m[K^~~~~~~~~~~~~~~~~~~~~~~~~~~~~~~[m[K
      |                                     [32m[Kmd_robot_msg_pid_robot_monitor[m[K
[01m[K/home/hyoin/service/src/md/src/md_robot_node/com.cpp:[m[K In function â€˜[01m[Kint MdReceiveProc(MDRobotNode&)[m[Kâ€™:
[01m[K/home/hyoin/service/src/md/src/md_robot_node/com.cpp:114:49:[m[K [01;31m[Kerror: [m[Kcannot convert â€˜[01m[KPID_PNT_MAIN_DATA_t*[m[Kâ€™ to â€˜[01m[KPID_IO_MONITOR_t*[m[Kâ€™
  114 |                 MakeMDRobot_Status_Message(node,[01;31m[K&node.getCurrPidMainData()[m[K);
      |                                                 [01;31m[K^~~~~~~~~~~~~~~~~~~~~~~~~~[m[K
      |                                                 [01;31m[K|[m[K
      |                                                 [01;31m[KPID_PNT_MAIN_DATA_t*[m[K
In file included from [01m[K/home/hyoin/service/src/md/src/md_robot_node/com.cpp:4[m[K:
[01m[K/home/hyoin/service/src/md/include/md_robot_node/robot.hpp:21:69:[m[K [01;36m[Knote: [m[K  initializing argument 2 of â€˜[01m[Kvoid MakeMDRobot_Status_Message(MDRobotNode&, PID_IO_MONITOR_t*)[m[Kâ€™
   21 | void MakeMDRobot_Status_Message(MDRobotNode &node,[01;36m[KPID_IO_MONITOR_t *pData[m[K);  // ë¡œë´‡ ìƒíƒœ ë©”ì‹œì§€ ìƒì„±
      |                                                   [01;36m[K~~~~~~~~~~~~~~~~~~^~~~~[m[K
[01m[K/home/hyoin/service/src/md/src/md_robot_node/robot.cpp:[m[K In function â€˜[01m[Kvoid MakeMDRobot_Status_Message(MDRobotNode&, PID_PNT_MAIN_DATA_t*)[m[Kâ€™:
[01m[K/home/hyoin/service/src/md/src/md_robot_node/robot.cpp:105:9:[m[K [01;31m[Kerror: [m[Kâ€˜[01m[Kold_mtr_pos_id1[m[Kâ€™ was not declared in this scope
  105 |         [01;31m[Kold_mtr_pos_id1[m[K = pData->mtr_pos_id1;
      |         [01;31m[K^~~~~~~~~~~~~~~[m[K
[01m[K/home/hyoin/service/src/md/src/md_robot_node/main.cpp:[m[K In member function â€˜[01m[Kvoid MDRobotNode::PubRobotStatusMessage()[m[Kâ€™:
[01m[K/home/hyoin/service/src/md/src/md_robot_node/main.cpp:545:5:[m[K [01;31m[Kerror: [m[Kâ€˜[01m[Kmd_robot_status_msg_pub_[m[Kâ€™ was not declared in this scope; did you mean â€˜[01m[Kmd_robot_status_msg[m[Kâ€™?
  545 |     [01;31m[Kmd_robot_status_msg_pub_[m[K->publish(md_robot_status_msg);
      |     [01;31m[K^~~~~~~~~~~~~~~~~~~~~~~~[m[K
      |     [32m[Kmd_robot_status_msg[m[K
[01m[K/home/hyoin/service/src/md/src/md_robot_node/robot.cpp:106:9:[m[K [01;31m[Kerror: [m[Kâ€˜[01m[Kold_mtr_pos_id2[m[Kâ€™ was not declared in this scope
  106 |         [01;31m[Kold_mtr_pos_id2[m[K = pData->mtr_pos_id2;
      |         [01;31m[K^~~~~~~~~~~~~~~[m[K
[01m[K/home/hyoin/service/src/md/src/md_robot_node/robot.cpp:108:9:[m[K [01;31m[Kerror: [m[Kâ€˜[01m[Kmd_robot_status_msg[m[Kâ€™ was not declared in this scope; did you mean â€˜[01m[KRobotStatus_msg[m[Kâ€™?
  108 |         [01;31m[Kmd_robot_status_msg[m[K.x = 0;
      |         [01;31m[K^~~~~~~~~~~~~~~~~~~[m[K
      |         [32m[KRobotStatus_msg[m[K
[01m[K/home/hyoin/service/src/md/src/md_robot_node/robot.cpp:120:34:[m[K [01;31m[Kerror: [m[Kâ€˜[01m[Kold_mtr_pos_id1[m[Kâ€™ was not declared in this scope
  120 |     v_left = (double)(pos_left - [01;31m[Kold_mtr_pos_id1[m[K);  // ì™¼ìª½ ì—”ì½”ë” ì¹´ìš´íŠ¸ ê°’
      |                                  [01;31m[K^~~~~~~~~~~~~~~[m[K
[01m[K/home/hyoin/service/src/md/src/md_robot_node/robot.cpp:121:36:[m[K [01;31m[Kerror: [m[Kâ€˜[01m[Kold_mtr_pos_id2[m[Kâ€™ was not declared in this scope
  121 |     v_right = (double)(pos_right - [01;31m[Kold_mtr_pos_id2[m[K); // ì˜¤ë¥¸ìª½ ì—”ì½”ë” ì¹´ìš´íŠ¸ ê°’
      |                                    [01;31m[K^~~~~~~~~~~~~~~[m[K
[01m[K/home/hyoin/service/src/md/src/md_robot_node/robot.cpp:123:29:[m[K [01;31m[Kerror: [m[Kâ€˜[01m[Kstruct ROBOT_PARAMETER_t[m[Kâ€™ has no member named â€˜[01m[Kmotor_count_per_degree[m[Kâ€™
  123 |     v_left*= robotParamData.[01;31m[Kmotor_count_per_degree[m[K; // ì—”ì½”ë” ì¹´ìš´íŠ¸ ê°’ì„ ê°ë„ë¡œ ë³€í™˜
      |                             [01;31m[K^~~~~~~~~~~~~~~~~~~~~~[m[K
[01m[K/home/hyoin/service/src/md/src/md_robot_node/robot.cpp:124:30:[m[K [01;31m[Kerror: [m[Kâ€˜[01m[Kstruct ROBOT_PARAMETER_t[m[Kâ€™ has no member named â€˜[01m[Kmotor_count_per_degree[m[Kâ€™
  124 |     v_right*= robotParamData.[01;31m[Kmotor_count_per_degree[m[K; // ì—”ì½”ë” ì¹´ìš´íŠ¸ ê°’ì„ ê°ë„ë¡œ ë³€í™˜
      |                              [01;31m[K^~~~~~~~~~~~~~~~~~~~~~[m[K
[01m[K/home/hyoin/service/src/md/src/md_robot_node/robot.cpp:134:5:[m[K [01;31m[Kerror: [m[Kâ€˜[01m[Kmd_robot_status_msg[m[Kâ€™ was not declared in this scope; did you mean â€˜[01m[KRobotStatus_msg[m[Kâ€™?
  134 |     [01;31m[Kmd_robot_status_msg[m[K.x = robot_curr_x;
      |     [01;31m[K^~~~~~~~~~~~~~~~~~~[m[K
      |     [32m[KRobotStatus_msg[m[K
gmake[2]: *** [CMakeFiles/md_robot_node.dir/build.make:90: CMakeFiles/md_robot_node.dir/src/md_robot_node/com.cpp.o] ì˜¤ë¥˜ 1
gmake[2]: *** ëë‚˜ì§€ ì•Šì€ ì‘ì—…ì„ ê¸°ë‹¤ë¦¬ê³  ìˆìŠµë‹ˆë‹¤....
gmake[2]: *** [CMakeFiles/md_robot_node.dir/build.make:104: CMakeFiles/md_robot_node.dir/src/md_robot_node/robot.cpp.o] ì˜¤ë¥˜ 1
gmake[2]: *** [CMakeFiles/md_robot_node.dir/build.make:76: CMakeFiles/md_robot_node.dir/src/md_robot_node/main.cpp.o] ì˜¤ë¥˜ 1
gmake[1]: *** [CMakeFiles/Makefile2:593: CMakeFiles/md_robot_node.dir/all] ì˜¤ë¥˜ 2
gmake: *** [Makefile:146: all] ì˜¤ë¥˜ 2
