In file included from [01m[K/home/hyoin/service/src/md/src/md_robot_node/main.cpp:2[m[K:
[01m[K/home/hyoin/service/src/md/include/md_robot_node/main.hpp:67:5:[m[K [01;31m[Kerror: [m[Kâ€˜[01m[KRobotStatus_msg[m[Kâ€™ does not name a type
   67 |     [01;31m[KRobotStatus_msg[m[K md_robot_status_msg;
      |     [01;31m[K^~~~~~~~~~~~~~~[m[K
In file included from [01m[K/home/hyoin/service/src/md/src/md_robot_node/com.cpp:3[m[K:
[01m[K/home/hyoin/service/src/md/include/md_robot_node/main.hpp:67:5:[m[K [01;31m[Kerror: [m[Kâ€˜[01m[KRobotStatus_msg[m[Kâ€™ does not name a type
   67 |     [01;31m[KRobotStatus_msg[m[K md_robot_status_msg;
      |     [01;31m[K^~~~~~~~~~~~~~~[m[K
In file included from [01m[K/home/hyoin/service/src/md/src/md_robot_node/robot.cpp:2[m[K:
[01m[K/home/hyoin/service/src/md/include/md_robot_node/main.hpp:67:5:[m[K [01;31m[Kerror: [m[Kâ€˜[01m[KRobotStatus_msg[m[Kâ€™ does not name a type
   67 |     [01;31m[KRobotStatus_msg[m[K md_robot_status_msg;
      |     [01;31m[K^~~~~~~~~~~~~~~[m[K
[01m[K/home/hyoin/service/src/md/src/md_robot_node/robot.cpp:[m[K In function â€˜[01m[Kvoid MakeMDRobot_Status_Message(MDRobotNode&, PID_PNT_MAIN_DATA_t*)[m[Kâ€™:
[01m[K/home/hyoin/service/src/md/src/md_robot_node/robot.cpp:105:9:[m[K [01;31m[Kerror: [m[Kâ€˜[01m[Kold_mtr_pos_id1[m[Kâ€™ was not declared in this scope
  105 |         [01;31m[Kold_mtr_pos_id1[m[K = pData->mtr_pos_id1;
      |         [01;31m[K^~~~~~~~~~~~~~~[m[K
[01m[K/home/hyoin/service/src/md/src/md_robot_node/robot.cpp:106:9:[m[K [01;31m[Kerror: [m[Kâ€˜[01m[Kold_mtr_pos_id2[m[Kâ€™ was not declared in this scope
  106 |         [01;31m[Kold_mtr_pos_id2[m[K = pData->mtr_pos_id2;
      |         [01;31m[K^~~~~~~~~~~~~~~[m[K
[01m[K/home/hyoin/service/src/md/src/md_robot_node/robot.cpp:120:34:[m[K [01;31m[Kerror: [m[Kâ€˜[01m[Kold_mtr_pos_id1[m[Kâ€™ was not declared in this scope
  120 |     v_left = (double)(pos_left - [01;31m[Kold_mtr_pos_id1[m[K);  // ì™¼ìª½ ì—”ì½”ë” ì¹´ìš´íŠ¸ ê°’
      |                                  [01;31m[K^~~~~~~~~~~~~~~[m[K
[01m[K/home/hyoin/service/src/md/src/md_robot_node/robot.cpp:121:36:[m[K [01;31m[Kerror: [m[Kâ€˜[01m[Kold_mtr_pos_id2[m[Kâ€™ was not declared in this scope
  121 |     v_right = (double)(pos_right - [01;31m[Kold_mtr_pos_id2[m[K); // ì˜¤ë¥¸ìª½ ì—”ì½”ë” ì¹´ìš´íŠ¸ ê°’
      |                                    [01;31m[K^~~~~~~~~~~~~~~[m[K
[01m[K/home/hyoin/service/src/md/src/md_robot_node/robot.cpp:123:29:[m[K [01;31m[Kerror: [m[Kâ€˜[01m[Kstruct ROBOT_PARAMETER_t[m[Kâ€™ has no member named â€˜[01m[Kmotor_count_per_degree[m[Kâ€™
  123 |     v_left*= robotParamData.[01;31m[Kmotor_count_per_degree[m[K; // ì—”ì½”ë” ì¹´ìš´íŠ¸ ê°’ì„ ê°ë„ë¡œ ë³€í™˜
      |                             [01;31m[K^~~~~~~~~~~~~~~~~~~~~~[m[K
[01m[K/home/hyoin/service/src/md/src/md_robot_node/robot.cpp:124:30:[m[K [01;31m[Kerror: [m[Kâ€˜[01m[Kstruct ROBOT_PARAMETER_t[m[Kâ€™ has no member named â€˜[01m[Kmotor_count_per_degree[m[Kâ€™
  124 |     v_right*= robotParamData.[01;31m[Kmotor_count_per_degree[m[K; // ì—”ì½”ë” ì¹´ìš´íŠ¸ ê°’ì„ ê°ë„ë¡œ ë³€í™˜
      |                              [01;31m[K^~~~~~~~~~~~~~~~~~~~~~[m[K
gmake[2]: *** [CMakeFiles/md_robot_node.dir/build.make:90: CMakeFiles/md_robot_node.dir/src/md_robot_node/com.cpp.o] ì˜¤ë¥˜ 1
gmake[2]: *** ëë‚˜ì§€ ì•Šì€ ì‘ì—…ì„ ê¸°ë‹¤ë¦¬ê³  ìˆìŠµë‹ˆë‹¤....
gmake[2]: *** [CMakeFiles/md_robot_node.dir/build.make:104: CMakeFiles/md_robot_node.dir/src/md_robot_node/robot.cpp.o] ì˜¤ë¥˜ 1
gmake[2]: *** [CMakeFiles/md_robot_node.dir/build.make:76: CMakeFiles/md_robot_node.dir/src/md_robot_node/main.cpp.o] ì˜¤ë¥˜ 1
gmake[1]: *** [CMakeFiles/Makefile2:593: CMakeFiles/md_robot_node.dir/all] ì˜¤ë¥˜ 2
gmake: *** [Makefile:146: all] ì˜¤ë¥˜ 2
